<?xml version="1.0" encoding="UTF-8"?>
<!-- Generated by org.testng.reporters.JUnitReportReporter -->
<testsuite hostname="cs-03" name="org.tc.video.Diandi_video_display_002" tests="1" failures="0" timestamp="6 Mar 2015 03:25:55 GMT" time="12.491" errors="0">
  <testcase name="displayJoinStudyForTrailerVideo" time="12.491" classname="org.tc.video.Diandi_video_display_002"/>
</testsuite> <!-- org.tc.video.Diandi_video_display_002 -->
