<?xml version="1.0" encoding="UTF-8"?>
<!-- Generated by org.testng.reporters.JUnitReportReporter -->
<testsuite hostname="cs-03" name="org.tc.teater.Diandi_teach_center_001" tests="1" failures="0" timestamp="6 Mar 2015 03:25:55 GMT" time="9.796" errors="0">
  <testcase name="testCreateCause" time="9.796" classname="org.tc.teater.Diandi_teach_center_001"/>
</testsuite> <!-- org.tc.teater.Diandi_teach_center_001 -->
